Determining if the pthread_create exist failed with the following output:
Change Dir: /home/wernom/Documents/L3/TL/automate/cmake-build-debug/CMakeFiles/CMakeTmp

Run Build Command:"/usr/bin/make" "cmTC_91784/fast"
/usr/bin/make -f CMakeFiles/cmTC_91784.dir/build.make CMakeFiles/cmTC_91784.dir/build
make[1] : on entre dans le répertoire « /home/wernom/Documents/L3/TL/automate/cmake-build-debug/CMakeFiles/CMakeTmp »
Building C object CMakeFiles/cmTC_91784.dir/CheckSymbolExists.c.o
/usr/bin/cc    -o CMakeFiles/cmTC_91784.dir/CheckSymbolExists.c.o   -c /home/wernom/Documents/L3/TL/automate/cmake-build-debug/CMakeFiles/CMakeTmp/CheckSymbolExists.c
Linking C executable cmTC_91784
/home/wernom/IntelliJ_idea/clion-2018.2.2/bin/cmake/linux/bin/cmake -E cmake_link_script CMakeFiles/cmTC_91784.dir/link.txt --verbose=1
/usr/bin/cc      -rdynamic CMakeFiles/cmTC_91784.dir/CheckSymbolExists.c.o  -o cmTC_91784 
CMakeFiles/cmTC_91784.dir/CheckSymbolExists.c.o : Dans la fonction « main » :
CheckSymbolExists.c:(.text+0x1b) : référence indéfinie vers « pthread_create »
collect2: error: ld returned 1 exit status
CMakeFiles/cmTC_91784.dir/build.make:86: recipe for target 'cmTC_91784' failed
make[1]: *** [cmTC_91784] Error 1
make[1] : on quitte le répertoire « /home/wernom/Documents/L3/TL/automate/cmake-build-debug/CMakeFiles/CMakeTmp »
Makefile:121: recipe for target 'cmTC_91784/fast' failed
make: *** [cmTC_91784/fast] Error 2

File /home/wernom/Documents/L3/TL/automate/cmake-build-debug/CMakeFiles/CMakeTmp/CheckSymbolExists.c:
/* */
#include <pthread.h>

int main(int argc, char** argv)
{
  (void)argv;
#ifndef pthread_create
  return ((int*)(&pthread_create))[argc];
#else
  (void)argc;
  return 0;
#endif
}

Determining if the function pthread_create exists in the pthreads failed with the following output:
Change Dir: /home/wernom/Documents/L3/TL/automate/cmake-build-debug/CMakeFiles/CMakeTmp

Run Build Command:"/usr/bin/make" "cmTC_6788b/fast"
/usr/bin/make -f CMakeFiles/cmTC_6788b.dir/build.make CMakeFiles/cmTC_6788b.dir/build
make[1] : on entre dans le répertoire « /home/wernom/Documents/L3/TL/automate/cmake-build-debug/CMakeFiles/CMakeTmp »
Building C object CMakeFiles/cmTC_6788b.dir/CheckFunctionExists.c.o
/usr/bin/cc   -DCHECK_FUNCTION_EXISTS=pthread_create   -o CMakeFiles/cmTC_6788b.dir/CheckFunctionExists.c.o   -c /home/wernom/IntelliJ_idea/clion-2018.2.2/bin/cmake/linux/share/cmake-3.12/Modules/CheckFunctionExists.c
Linking C executable cmTC_6788b
/home/wernom/IntelliJ_idea/clion-2018.2.2/bin/cmake/linux/bin/cmake -E cmake_link_script CMakeFiles/cmTC_6788b.dir/link.txt --verbose=1
/usr/bin/cc  -DCHECK_FUNCTION_EXISTS=pthread_create    -rdynamic CMakeFiles/cmTC_6788b.dir/CheckFunctionExists.c.o  -o cmTC_6788b -lpthreads 
/usr/bin/ld : ne peut trouver -lpthreads
collect2: error: ld returned 1 exit status
CMakeFiles/cmTC_6788b.dir/build.make:86: recipe for target 'cmTC_6788b' failed
make[1]: *** [cmTC_6788b] Error 1
make[1] : on quitte le répertoire « /home/wernom/Documents/L3/TL/automate/cmake-build-debug/CMakeFiles/CMakeTmp »
Makefile:121: recipe for target 'cmTC_6788b/fast' failed
make: *** [cmTC_6788b/fast] Error 2


